<?xml version="1.0" encoding="UTF-8"?>
<coverage generated="1766349797894" clover="3.2.0">
  <project timestamp="1766349797894" name="All files">
    <metrics statements="49" coveredstatements="49" conditionals="25" coveredconditionals="23" methods="10" coveredmethods="10" elements="84" coveredelements="82" complexity="0" loc="49" ncloc="49" packages="2" files="2" classes="2"/>
    <package name="engine">
      <metrics statements="32" coveredstatements="32" conditionals="11" coveredconditionals="11" methods="9" coveredmethods="9"/>
      <file name="RBACEngine.ts" path="/media/fullyworld-web-tutorials/Projects1/unirbac/packages/core/src/engine/RBACEngine.ts">
        <metrics statements="32" coveredstatements="32" conditionals="11" coveredconditionals="11" methods="9" coveredmethods="9"/>
        <line num="12" count="34" type="stmt"/>
        <line num="13" count="34" type="stmt"/>
        <line num="15" count="72" type="stmt"/>
        <line num="16" count="72" type="stmt"/>
        <line num="19" count="16" type="stmt"/>
        <line num="20" count="16" type="stmt"/>
        <line num="23" count="39" type="stmt"/>
        <line num="28" count="39" type="stmt"/>
        <line num="30" count="39" type="stmt"/>
        <line num="31" count="63" type="stmt"/>
        <line num="34" count="39" type="cond" truecount="2" falsecount="0"/>
        <line num="35" count="8" type="stmt"/>
        <line num="42" count="31" type="stmt"/>
        <line num="44" count="31" type="cond" truecount="2" falsecount="0"/>
        <line num="45" count="17" type="cond" truecount="2" falsecount="0"/>
        <line num="46" count="10" type="stmt"/>
        <line num="52" count="7" type="stmt"/>
        <line num="59" count="14" type="stmt"/>
        <line num="65" count="39" type="stmt"/>
        <line num="66" count="39" type="stmt"/>
        <line num="68" count="39" type="stmt"/>
        <line num="69" count="39" type="stmt"/>
        <line num="70" count="49" type="cond" truecount="2" falsecount="0"/>
        <line num="72" count="45" type="stmt"/>
        <line num="74" count="45" type="stmt"/>
        <line num="76" count="45" type="cond" truecount="2" falsecount="0"/>
        <line num="77" count="84" type="stmt"/>
        <line num="79" count="43" type="stmt"/>
        <line num="80" count="14" type="stmt"/>
        <line num="84" count="45" type="stmt"/>
        <line num="87" count="39" type="stmt"/>
        <line num="89" count="39" type="stmt"/>
      </file>
    </package>
    <package name="permissions">
      <metrics statements="17" coveredstatements="17" conditionals="14" coveredconditionals="12" methods="1" coveredmethods="1"/>
      <file name="index.ts" path="/media/fullyworld-web-tutorials/Projects1/unirbac/packages/core/src/permissions/index.ts">
        <metrics statements="17" coveredstatements="17" conditionals="14" coveredconditionals="12" methods="1" coveredmethods="1"/>
        <line num="4" count="117" type="stmt"/>
        <line num="5" count="117" type="cond" truecount="2" falsecount="0"/>
        <line num="6" count="41" type="stmt"/>
        <line num="9" count="76" type="cond" truecount="1" falsecount="1"/>
        <line num="10" count="117" type="cond" truecount="1" falsecount="1"/>
        <line num="12" count="117" type="stmt"/>
        <line num="13" count="150" type="stmt"/>
        <line num="14" count="150" type="stmt"/>
        <line num="16" count="150" type="cond" truecount="2" falsecount="0"/>
        <line num="17" count="12" type="stmt"/>
        <line num="20" count="138" type="cond" truecount="2" falsecount="0"/>
        <line num="21" count="18" type="stmt"/>
        <line num="24" count="120" type="cond" truecount="2" falsecount="0"/>
        <line num="25" count="6" type="stmt"/>
        <line num="28" count="114" type="cond" truecount="2" falsecount="0"/>
        <line num="29" count="40" type="stmt"/>
        <line num="32" count="18" type="stmt"/>
      </file>
    </package>
  </project>
</coverage>
