<?xml version="1.0" encoding="UTF-8"?>
<coverage generated="1766558641715" clover="3.2.0">
  <project timestamp="1766558641716" name="All files">
    <metrics statements="53" coveredstatements="53" conditionals="25" coveredconditionals="23" methods="11" coveredmethods="11" elements="89" coveredelements="87" complexity="0" loc="53" ncloc="53" packages="2" files="2" classes="2"/>
    <package name="engine">
      <metrics statements="36" coveredstatements="36" conditionals="11" coveredconditionals="11" methods="10" coveredmethods="10"/>
      <file name="RBACEngine.ts" path="/media/fullyworld-web-tutorials/Projects1/unirbac/packages/core/src/engine/RBACEngine.ts">
        <metrics statements="36" coveredstatements="36" conditionals="11" coveredconditionals="11" methods="10" coveredmethods="10"/>
        <line num="12" count="39" type="stmt"/>
        <line num="13" count="39" type="stmt"/>
        <line num="15" count="83" type="stmt"/>
        <line num="16" count="83" type="stmt"/>
        <line num="19" count="16" type="stmt"/>
        <line num="20" count="16" type="stmt"/>
        <line num="23" count="47" type="stmt"/>
        <line num="28" count="47" type="stmt"/>
        <line num="30" count="47" type="stmt"/>
        <line num="31" count="77" type="stmt"/>
        <line num="34" count="47" type="cond" truecount="2" falsecount="0"/>
        <line num="35" count="9" type="stmt"/>
        <line num="42" count="38" type="stmt"/>
        <line num="44" count="38" type="cond" truecount="2" falsecount="0"/>
        <line num="45" count="17" type="cond" truecount="2" falsecount="0"/>
        <line num="46" count="10" type="stmt"/>
        <line num="52" count="7" type="stmt"/>
        <line num="59" count="21" type="stmt"/>
        <line num="65" count="47" type="stmt"/>
        <line num="66" count="47" type="stmt"/>
        <line num="68" count="47" type="stmt"/>
        <line num="70" count="47" type="stmt"/>
        <line num="71" count="106" type="stmt"/>
        <line num="74" count="47" type="stmt"/>
        <line num="76" count="47" type="stmt"/>
        <line num="80" count="47" type="stmt"/>
        <line num="81" count="47" type="stmt"/>
        <line num="83" count="47" type="stmt"/>
        <line num="84" count="67" type="cond" truecount="2" falsecount="0"/>
        <line num="85" count="63" type="stmt"/>
        <line num="87" count="63" type="stmt"/>
        <line num="88" count="63" type="cond" truecount="2" falsecount="0"/>
        <line num="90" count="61" type="stmt"/>
        <line num="91" count="67" type="stmt"/>
        <line num="94" count="47" type="stmt"/>
        <line num="96" count="47" type="stmt"/>
      </file>
    </package>
    <package name="permissions">
      <metrics statements="17" coveredstatements="17" conditionals="14" coveredconditionals="12" methods="1" coveredmethods="1"/>
      <file name="index.ts" path="/media/fullyworld-web-tutorials/Projects1/unirbac/packages/core/src/permissions/index.ts">
        <metrics statements="17" coveredstatements="17" conditionals="14" coveredconditionals="12" methods="1" coveredmethods="1"/>
        <line num="4" count="131" type="stmt"/>
        <line num="5" count="131" type="cond" truecount="2" falsecount="0"/>
        <line num="6" count="48" type="stmt"/>
        <line num="9" count="83" type="cond" truecount="1" falsecount="1"/>
        <line num="10" count="131" type="cond" truecount="1" falsecount="1"/>
        <line num="12" count="131" type="stmt"/>
        <line num="13" count="157" type="stmt"/>
        <line num="14" count="157" type="stmt"/>
        <line num="16" count="157" type="cond" truecount="2" falsecount="0"/>
        <line num="17" count="12" type="stmt"/>
        <line num="20" count="145" type="cond" truecount="2" falsecount="0"/>
        <line num="21" count="18" type="stmt"/>
        <line num="24" count="127" type="cond" truecount="2" falsecount="0"/>
        <line num="25" count="6" type="stmt"/>
        <line num="28" count="121" type="cond" truecount="2" falsecount="0"/>
        <line num="29" count="47" type="stmt"/>
        <line num="32" count="18" type="stmt"/>
      </file>
    </package>
  </project>
</coverage>
