{"/media/fullyworld-web-tutorials/Projects1/unirbac/packages/core/src/engine/RBACEngine.ts": {"path":"/media/fullyworld-web-tutorials/Projects1/unirbac/packages/core/src/engine/RBACEngine.ts","statementMap":{"0":{"start":{"line":12,"column":18},"end":{"line":12,"column":null}},"1":{"start":{"line":13,"column":21},"end":{"line":13,"column":null}},"2":{"start":{"line":15,"column":12},"end":{"line":17,"column":null}},"3":{"start":{"line":19,"column":14},"end":{"line":21,"column":null}},"4":{"start":{"line":23,"column":8},"end":{"line":63,"column":null}},"5":{"start":{"line":65,"column":27},"end":{"line":90,"column":null}},"6":{"start":{"line":16,"column":4},"end":{"line":16,"column":null}},"7":{"start":{"line":20,"column":4},"end":{"line":20,"column":null}},"8":{"start":{"line":28,"column":45},"end":{"line":28,"column":null}},"9":{"start":{"line":30,"column":30},"end":{"line":32,"column":null}},"10":{"start":{"line":31,"column":6},"end":{"line":31,"column":null}},"11":{"start":{"line":34,"column":4},"end":{"line":40,"column":null}},"12":{"start":{"line":35,"column":6},"end":{"line":39,"column":null}},"13":{"start":{"line":42,"column":19},"end":{"line":42,"column":null}},"14":{"start":{"line":44,"column":4},"end":{"line":57,"column":null}},"15":{"start":{"line":45,"column":6},"end":{"line":50,"column":null}},"16":{"start":{"line":46,"column":8},"end":{"line":49,"column":null}},"17":{"start":{"line":52,"column":6},"end":{"line":56,"column":null}},"18":{"start":{"line":59,"column":4},"end":{"line":62,"column":null}},"19":{"start":{"line":66,"column":17},"end":{"line":66,"column":null}},"20":{"start":{"line":68,"column":25},"end":{"line":68,"column":null}},"21":{"start":{"line":69,"column":20},"end":{"line":85,"column":null}},"22":{"start":{"line":70,"column":6},"end":{"line":70,"column":null}},"23":{"start":{"line":70,"column":38},"end":{"line":70,"column":null}},"24":{"start":{"line":72,"column":6},"end":{"line":72,"column":null}},"25":{"start":{"line":74,"column":19},"end":{"line":74,"column":null}},"26":{"start":{"line":76,"column":6},"end":{"line":82,"column":null}},"27":{"start":{"line":77,"column":8},"end":{"line":77,"column":null}},"28":{"start":{"line":77,"column":59},"end":{"line":77,"column":73}},"29":{"start":{"line":79,"column":8},"end":{"line":81,"column":null}},"30":{"start":{"line":80,"column":10},"end":{"line":80,"column":null}},"31":{"start":{"line":84,"column":6},"end":{"line":84,"column":null}},"32":{"start":{"line":87,"column":4},"end":{"line":87,"column":null}},"33":{"start":{"line":87,"column":48},"end":{"line":87,"column":65}},"34":{"start":{"line":89,"column":4},"end":{"line":89,"column":null}}},"fnMap":{"0":{"name":"(anonymous_0)","decl":{"start":{"line":15,"column":12},"end":{"line":15,"column":13}},"loc":{"start":{"line":15,"column":34},"end":{"line":17,"column":null}},"line":15},"1":{"name":"(anonymous_1)","decl":{"start":{"line":19,"column":14},"end":{"line":19,"column":15}},"loc":{"start":{"line":19,"column":70},"end":{"line":21,"column":null}},"line":19},"2":{"name":"(anonymous_2)","decl":{"start":{"line":23,"column":8},"end":{"line":23,"column":null}},"loc":{"start":{"line":27,"column":31},"end":{"line":63,"column":null}},"line":27},"3":{"name":"(anonymous_3)","decl":{"start":{"line":30,"column":52},"end":{"line":30,"column":53}},"loc":{"start":{"line":31,"column":6},"end":{"line":31,"column":null}},"line":31},"4":{"name":"(anonymous_4)","decl":{"start":{"line":65,"column":27},"end":{"line":65,"column":28}},"loc":{"start":{"line":65,"column":70},"end":{"line":90,"column":null}},"line":65},"5":{"name":"(anonymous_5)","decl":{"start":{"line":69,"column":20},"end":{"line":69,"column":21}},"loc":{"start":{"line":69,"column":42},"end":{"line":85,"column":null}},"line":69},"6":{"name":"(anonymous_6)","decl":{"start":{"line":77,"column":33},"end":{"line":77,"column":34}},"loc":{"start":{"line":77,"column":59},"end":{"line":77,"column":73}},"line":77},"7":{"name":"(anonymous_7)","decl":{"start":{"line":79,"column":31},"end":{"line":79,"column":32}},"loc":{"start":{"line":79,"column":59},"end":{"line":81,"column":9}},"line":79},"8":{"name":"(anonymous_8)","decl":{"start":{"line":87,"column":26},"end":{"line":87,"column":27}},"loc":{"start":{"line":87,"column":48},"end":{"line":87,"column":65}},"line":87}},"branchMap":{"0":{"loc":{"start":{"line":26,"column":4},"end":{"line":26,"column":null}},"type":"default-arg","locations":[{"start":{"line":26,"column":36},"end":{"line":26,"column":null}}],"line":26},"1":{"loc":{"start":{"line":34,"column":4},"end":{"line":40,"column":null}},"type":"if","locations":[{"start":{"line":34,"column":4},"end":{"line":40,"column":null}},{"start":{},"end":{}}],"line":34},"2":{"loc":{"start":{"line":44,"column":4},"end":{"line":57,"column":null}},"type":"if","locations":[{"start":{"line":44,"column":4},"end":{"line":57,"column":null}},{"start":{},"end":{}}],"line":44},"3":{"loc":{"start":{"line":45,"column":6},"end":{"line":50,"column":null}},"type":"if","locations":[{"start":{"line":45,"column":6},"end":{"line":50,"column":null}},{"start":{},"end":{}}],"line":45},"4":{"loc":{"start":{"line":70,"column":6},"end":{"line":70,"column":null}},"type":"if","locations":[{"start":{"line":70,"column":6},"end":{"line":70,"column":null}},{"start":{},"end":{}}],"line":70},"5":{"loc":{"start":{"line":76,"column":6},"end":{"line":82,"column":null}},"type":"if","locations":[{"start":{"line":76,"column":6},"end":{"line":82,"column":null}},{"start":{},"end":{}}],"line":76}},"s":{"0":34,"1":34,"2":72,"3":16,"4":39,"5":39,"6":72,"7":16,"8":39,"9":39,"10":63,"11":39,"12":8,"13":31,"14":31,"15":17,"16":10,"17":7,"18":14,"19":39,"20":39,"21":39,"22":49,"23":4,"24":45,"25":45,"26":45,"27":43,"28":84,"29":43,"30":14,"31":45,"32":39,"33":35,"34":39},"f":{"0":72,"1":16,"2":39,"3":63,"4":39,"5":49,"6":84,"7":14,"8":35},"b":{"0":[39],"1":[8,31],"2":[17,14],"3":[10,7],"4":[4,45],"5":[43,2]},"meta":{"lastBranch":6,"lastFunction":9,"lastStatement":35,"seen":{"s:12:18:12:Infinity":0,"s:13:21:13:Infinity":1,"s:15:12:17:Infinity":2,"s:19:14:21:Infinity":3,"s:23:8:63:Infinity":4,"s:65:27:90:Infinity":5,"f:15:12:15:13":0,"s:16:4:16:Infinity":6,"f:19:14:19:15":1,"s:20:4:20:Infinity":7,"f:23:8:23:Infinity":2,"b:26:36:26:Infinity":0,"s:28:45:28:Infinity":8,"s:30:30:32:Infinity":9,"f:30:52:30:53":3,"s:31:6:31:Infinity":10,"b:34:4:40:Infinity:undefined:undefined:undefined:undefined":1,"s:34:4:40:Infinity":11,"s:35:6:39:Infinity":12,"s:42:19:42:Infinity":13,"b:44:4:57:Infinity:undefined:undefined:undefined:undefined":2,"s:44:4:57:Infinity":14,"b:45:6:50:Infinity:undefined:undefined:undefined:undefined":3,"s:45:6:50:Infinity":15,"s:46:8:49:Infinity":16,"s:52:6:56:Infinity":17,"s:59:4:62:Infinity":18,"f:65:27:65:28":4,"s:66:17:66:Infinity":19,"s:68:25:68:Infinity":20,"s:69:20:85:Infinity":21,"f:69:20:69:21":5,"b:70:6:70:Infinity:undefined:undefined:undefined:undefined":4,"s:70:6:70:Infinity":22,"s:70:38:70:Infinity":23,"s:72:6:72:Infinity":24,"s:74:19:74:Infinity":25,"b:76:6:82:Infinity:undefined:undefined:undefined:undefined":5,"s:76:6:82:Infinity":26,"s:77:8:77:Infinity":27,"f:77:33:77:34":6,"s:77:59:77:73":28,"s:79:8:81:Infinity":29,"f:79:31:79:32":7,"s:80:10:80:Infinity":30,"s:84:6:84:Infinity":31,"s:87:4:87:Infinity":32,"f:87:26:87:27":8,"s:87:48:87:65":33,"s:89:4:89:Infinity":34}}}
,"/media/fullyworld-web-tutorials/Projects1/unirbac/packages/core/src/permissions/index.ts": {"path":"/media/fullyworld-web-tutorials/Projects1/unirbac/packages/core/src/permissions/index.ts","statementMap":{"0":{"start":{"line":4,"column":17},"end":{"line":33,"column":null}},"1":{"start":{"line":5,"column":4},"end":{"line":7,"column":null}},"2":{"start":{"line":6,"column":6},"end":{"line":6,"column":null}},"3":{"start":{"line":9,"column":25},"end":{"line":9,"column":null}},"4":{"start":{"line":10,"column":28},"end":{"line":10,"column":null}},"5":{"start":{"line":12,"column":4},"end":{"line":31,"column":null}},"6":{"start":{"line":12,"column":17},"end":{"line":12,"column":20}},"7":{"start":{"line":13,"column":26},"end":{"line":13,"column":null}},"8":{"start":{"line":14,"column":29},"end":{"line":14,"column":null}},"9":{"start":{"line":16,"column":6},"end":{"line":18,"column":null}},"10":{"start":{"line":17,"column":8},"end":{"line":17,"column":null}},"11":{"start":{"line":20,"column":6},"end":{"line":22,"column":null}},"12":{"start":{"line":21,"column":8},"end":{"line":21,"column":null}},"13":{"start":{"line":24,"column":6},"end":{"line":26,"column":null}},"14":{"start":{"line":25,"column":8},"end":{"line":25,"column":null}},"15":{"start":{"line":28,"column":6},"end":{"line":30,"column":null}},"16":{"start":{"line":29,"column":8},"end":{"line":29,"column":null}},"17":{"start":{"line":32,"column":4},"end":{"line":32,"column":null}}},"fnMap":{"0":{"name":"(anonymous_0)","decl":{"start":{"line":4,"column":17},"end":{"line":4,"column":18}},"loc":{"start":{"line":4,"column":75},"end":{"line":33,"column":null}},"line":4}},"branchMap":{"0":{"loc":{"start":{"line":5,"column":4},"end":{"line":7,"column":null}},"type":"if","locations":[{"start":{"line":5,"column":4},"end":{"line":7,"column":null}},{"start":{},"end":{}}],"line":5},"1":{"loc":{"start":{"line":9,"column":25},"end":{"line":9,"column":null}},"type":"binary-expr","locations":[{"start":{"line":9,"column":25},"end":{"line":9,"column":47}},{"start":{"line":9,"column":47},"end":{"line":9,"column":null}}],"line":9},"2":{"loc":{"start":{"line":10,"column":28},"end":{"line":10,"column":null}},"type":"binary-expr","locations":[{"start":{"line":10,"column":28},"end":{"line":10,"column":53}},{"start":{"line":10,"column":53},"end":{"line":10,"column":null}}],"line":10},"3":{"loc":{"start":{"line":16,"column":6},"end":{"line":18,"column":null}},"type":"if","locations":[{"start":{"line":16,"column":6},"end":{"line":18,"column":null}},{"start":{},"end":{}}],"line":16},"4":{"loc":{"start":{"line":20,"column":6},"end":{"line":22,"column":null}},"type":"if","locations":[{"start":{"line":20,"column":6},"end":{"line":22,"column":null}},{"start":{},"end":{}}],"line":20},"5":{"loc":{"start":{"line":24,"column":6},"end":{"line":26,"column":null}},"type":"if","locations":[{"start":{"line":24,"column":6},"end":{"line":26,"column":null}},{"start":{},"end":{}}],"line":24},"6":{"loc":{"start":{"line":28,"column":6},"end":{"line":30,"column":null}},"type":"if","locations":[{"start":{"line":28,"column":6},"end":{"line":30,"column":null}},{"start":{},"end":{}}],"line":28}},"s":{"0":117,"1":117,"2":41,"3":76,"4":117,"5":117,"6":117,"7":150,"8":150,"9":150,"10":12,"11":138,"12":18,"13":120,"14":6,"15":114,"16":40,"17":18},"f":{"0":117},"b":{"0":[41,76],"1":[76,0],"2":[117,0],"3":[12,138],"4":[18,120],"5":[6,114],"6":[40,74]},"meta":{"lastBranch":7,"lastFunction":1,"lastStatement":18,"seen":{"s:4:17:33:Infinity":0,"f:4:17:4:18":0,"b:5:4:7:Infinity:undefined:undefined:undefined:undefined":0,"s:5:4:7:Infinity":1,"s:6:6:6:Infinity":2,"s:9:25:9:Infinity":3,"b:9:25:9:47:9:47:9:Infinity":1,"s:10:28:10:Infinity":4,"b:10:28:10:53:10:53:10:Infinity":2,"s:12:4:31:Infinity":5,"s:12:17:12:20":6,"s:13:26:13:Infinity":7,"s:14:29:14:Infinity":8,"b:16:6:18:Infinity:undefined:undefined:undefined:undefined":3,"s:16:6:18:Infinity":9,"s:17:8:17:Infinity":10,"b:20:6:22:Infinity:undefined:undefined:undefined:undefined":4,"s:20:6:22:Infinity":11,"s:21:8:21:Infinity":12,"b:24:6:26:Infinity:undefined:undefined:undefined:undefined":5,"s:24:6:26:Infinity":13,"s:25:8:25:Infinity":14,"b:28:6:30:Infinity:undefined:undefined:undefined:undefined":6,"s:28:6:30:Infinity":15,"s:29:8:29:Infinity":16,"s:32:4:32:Infinity":17}}}
}
